════════════════════════════════════════════════════════════════════════════════
3SEQ -- Info Mode
════════════════════════════════════════════════════════════════════════════════

COMMAND:
  -i ../BFR_A.afa

Number of sequences          :  234
Number of distinct sequences :  219
Number of comparisons        :  1.26491e+07

Original sequence length is 27269 nt.
Using 27269 positions, from 1 to 27269 inclusive.

Number of polymorphic sites is 1258. Using only polymorphic sites:
    bi: 1232 - tri: 26 - tetra: 0

Number of polymorphic sites where there are no gaps :  161/1258

Watterson's Theta            :  230.601
Watterson's Theta (per site) :  0.00845651

Min  pairwise-distance between strains :  0
Max  pairwise-distance between strains :  83
Mean pairwise-distance between strains :  36.862
Mean pairwise-distance per site (pi)   :  0.00135179

Notes:
   AA-- and --AA are distinct but the pairwise-distance between them is zero.

════════════════════════════════════════════════════════════════════════════════


                                            ╔══════════════════════════════════╗
                                            ║ Log saved at 2021/12/07 23:15:01 ║
                                            ╚══════════════════════════════════╝

