════════════════════════════════════════════════════════════════════════════════
3SEQ -- Full Run
════════════════════════════════════════════════════════════════════════════════

COMMAND:
  -f ../BFR_A.afa -t0.90 -id run005_t0p90

Using 234 sequences as parents.
Using 234 sequences as children.

Need a p-value of 7.11513e-08 to survive multiple comparisons correction.

All recombinant triplets will be recorded to the file "run005_t0p90.3s.rec.csv".

Long recombinants will be recorded to the file "run005_t0p90.3s.longRec".

Searching for P-value table file...

Loading P-value table from file
"/home/maciek/PVALUETABLES/PVT_3SEQ_DELTA_300"
  Table size : 300 * 300 * 300

────────────────────────────────────────────────────────────────────────────────

                                                Recombinant
Progress    Time Elapsed    Minimum P-Value    Triplets Found
100.000%      000:05:19       6.473584e-08               13

────────────────────────────────────────────────────────────────────────────────

Number of triples tested :              1.26491e+07
Number of p-values computed exactly :   1.26491e+07
Number of p-values approximated (HS) :  0
Number of p-values not computed :       0

Number of recombinant triplets :                               	13
Number of distinct recombinant sequences :                     	6
Number of distinct recombinant sequences at least 100nt long : 	6
Longest of short recombinant segments :                        	6640nt

────────────────────────────────────────────────────────────────────────────────

Rejection of the null hypothesis of clonal evolution at p = 0.559062
                                                        p = 5.591e-01
                                            Uncorrected p = 6.47358e-08
                                            Bonferroni  p = 0.81885

────────────────────────────────────────────────────────────────────────────────

The histogram of P-values has been saved in the file "run005_t0p90.3s.pvalHist".

════════════════════════════════════════════════════════════════════════════════


                                            ╔══════════════════════════════════╗
                                            ║ Log saved at 2021/12/07 23:30:02 ║
                                            ╚══════════════════════════════════╝

