════════════════════════════════════════════════════════════════════════════════
3SEQ -- Info Mode
════════════════════════════════════════════════════════════════════════════════

COMMAND:
  -i BFR_A2.afa -id tmp

Number of sequences          :  234
Number of distinct sequences :  102
Number of comparisons        :  1.26491e+07

Original sequence length is 1991 nt.
Using 1991 positions, from 1 to 1991 inclusive.

Number of polymorphic sites is 140. Using only polymorphic sites:
    bi: 131 - tri: 9 - tetra: 0

Number of polymorphic sites where there are no gaps :  16/140

Watterson's Theta            :  25.663
Watterson's Theta (per site) :  0.0128895

Min  pairwise-distance between strains :  0
Max  pairwise-distance between strains :  28
Mean pairwise-distance between strains :  6.80004
Mean pairwise-distance per site (pi)   :  0.00341539

Notes:
   AA-- and --AA are distinct but the pairwise-distance between them is zero.

════════════════════════════════════════════════════════════════════════════════


                                            ╔══════════════════════════════════╗
                                            ║ Log saved at 2021/12/07 23:51:58 ║
                                            ╚══════════════════════════════════╝

