════════════════════════════════════════════════════════════════════════════════
3SEQ -- Info Mode
════════════════════════════════════════════════════════════════════════════════

COMMAND:
  -i global_subsample_and529s_785.mafft_addfrag_wref.afa

Number of sequences          :  786
Number of distinct sequences :  729
Number of comparisons        :  4.83736e+08

Original sequence length is 29924 nt.
Using 29924 positions, from 1 to 29924 inclusive.

Number of polymorphic sites is 3050. Using only polymorphic sites:
    bi: 2920 - tri: 127 - tetra: 3

Number of polymorphic sites where there are no gaps :  96/3050

Watterson's Theta            :  457.48
Watterson's Theta (per site) :  0.0152881

Min  pairwise-distance between strains :  0
Max  pairwise-distance between strains :  111
Mean pairwise-distance between strains :  44.7748
Mean pairwise-distance per site (pi)   :  0.00149628

Notes:
   AA-- and --AA are distinct but the pairwise-distance between them is zero.

════════════════════════════════════════════════════════════════════════════════


                                            ╔══════════════════════════════════╗
                                            ║ Log saved at 2021/12/01 22:48:42 ║
                                            ╚══════════════════════════════════╝

