════════════════════════════════════════════════════════════════════════════════
3SEQ -- Info Mode
════════════════════════════════════════════════════════════════════════════════

COMMAND:
  -i ../BFR_A.afa

Number of sequences          :  353
Number of distinct sequences :  326
Number of comparisons        :  4.36139e+07

Original sequence length is 27261 nt.
Using 27261 positions, from 1 to 27261 inclusive.

Number of polymorphic sites is 1571. Using only polymorphic sites:
    bi: 1530 - tri: 40 - tetra: 1

Number of polymorphic sites where there are no gaps :  979/1571

Watterson's Theta            :  267.793
Watterson's Theta (per site) :  0.00982331

Min  pairwise-distance between strains :  0
Max  pairwise-distance between strains :  99
Mean pairwise-distance between strains :  36.8382
Mean pairwise-distance per site (pi)   :  0.00135131

Notes:
   AA-- and --AA are distinct but the pairwise-distance between them is zero.

════════════════════════════════════════════════════════════════════════════════


                                            ╔══════════════════════════════════╗
                                            ║ Log saved at 2021/12/09 21:54:05 ║
                                            ╚══════════════════════════════════╝

