════════════════════════════════════════════════════════════════════════════════
3SEQ -- Info Mode
════════════════════════════════════════════════════════════════════════════════

COMMAND:
  -i RDP5_segment.afa

Number of sequences          :  234
Number of distinct sequences :  202
Number of comparisons        :  1.26491e+07

Original sequence length is 7221 nt.
Using 7221 positions, from 1 to 7221 inclusive.

Number of polymorphic sites is 505. Using only polymorphic sites:
    bi: 483 - tri: 22 - tetra: 0

Number of polymorphic sites where there are no gaps :  37/505

Watterson's Theta            :  92.5702
Watterson's Theta (per site) :  0.0128196

Min  pairwise-distance between strains :  0
Max  pairwise-distance between strains :  56
Mean pairwise-distance between strains :  20.6879
Mean pairwise-distance per site (pi)   :  0.00286496

Notes:
   AA-- and --AA are distinct but the pairwise-distance between them is zero.

════════════════════════════════════════════════════════════════════════════════


                                            ╔══════════════════════════════════╗
                                            ║ Log saved at 2021/12/08 11:30:48 ║
                                            ╚══════════════════════════════════╝

