════════════════════════════════════════════════════════════════════════════════
3SEQ -- Info Mode
════════════════════════════════════════════════════════════════════════════════

COMMAND:
  -i omicron_5_subregion.afa

Number of sequences          :  5
Number of distinct sequences :  5
Number of comparisons        :  60

Original sequence length is 5001 nt.
Using 5001 positions, from 1 to 5001 inclusive.

Number of polymorphic sites is 14. Using only polymorphic sites:
    bi: 14 - tri: 0 - tetra: 0

Number of polymorphic sites where there are no gaps :  9/14

Watterson's Theta            :  8.69869
Watterson's Theta (per site) :  0.00173939

Min  pairwise-distance between strains :  1
Max  pairwise-distance between strains :  11
Mean pairwise-distance between strains :  5.2
Mean pairwise-distance per site (pi)   :  0.00103979

Notes:
   AA-- and --AA are distinct but the pairwise-distance between them is zero.

════════════════════════════════════════════════════════════════════════════════


                                            ╔══════════════════════════════════╗
                                            ║ Log saved at 2021/12/01 23:59:45 ║
                                            ╚══════════════════════════════════╝

