════════════════════════════════════════════════════════════════════════════════
3SEQ -- Full Run
════════════════════════════════════════════════════════════════════════════════

COMMAND:
  -f global_subsample_and_omicrons_353.afa -id run007

Using 353 sequences as parents.
Using 353 sequences as children.

Need a p-value of 1.14642e-09 to survive multiple comparisons correction.

All recombinant triplets will be recorded to the file "run007.3s.rec.csv".

Long recombinants will be recorded to the file "run007.3s.longRec".

Searching for P-value table file...

Loading P-value table from file
"/home/maciek/PVALUETABLES/PVT_3SEQ_DELTA_300"
  Table size : 300 * 300 * 300

────────────────────────────────────────────────────────────────────────────────

                                                Recombinant
Progress    Time Elapsed    Minimum P-Value    Triplets Found
100.000%      000:22:13       3.227561e-12              292

────────────────────────────────────────────────────────────────────────────────

Number of triples tested :              4.36139e+07
Number of p-values computed exactly :   4.36139e+07
Number of p-values approximated (HS) :  0
Number of p-values not computed :       0

Number of recombinant triplets :                               	292
Number of distinct recombinant sequences :                     	4
Number of distinct recombinant sequences at least 100nt long : 	4
Longest of short recombinant segments :                        	130nt

────────────────────────────────────────────────────────────────────────────────

Rejection of the null hypothesis of clonal evolution at p = 0.000140756
                                                        p = 1.408e-04
                                            Uncorrected p = 3.22756e-12
                                            Bonferroni  p = 0.000140766

────────────────────────────────────────────────────────────────────────────────

The histogram of P-values has been saved in the file "run007.3s.pvalHist".

════════════════════════════════════════════════════════════════════════════════


                                            ╔══════════════════════════════════╗
                                            ║ Log saved at 2021/12/09 18:20:42 ║
                                            ╚══════════════════════════════════╝

