════════════════════════════════════════════════════════════════════════════════
3SEQ -- Info Mode
════════════════════════════════════════════════════════════════════════════════

COMMAND:
  -i aligned_234.shortnames.afa

Number of sequences          :  234
Number of distinct sequences :  222
Number of comparisons        :  1.26491e+07

Original sequence length is 29923 nt.
Using 29923 positions, from 1 to 29923 inclusive.

Number of polymorphic sites is 1497. Using only polymorphic sites:
    bi: 1457 - tri: 39 - tetra: 1

Number of polymorphic sites where there are no gaps :  198/1497

Watterson's Theta            :  274.411
Watterson's Theta (per site) :  0.00917057

Min  pairwise-distance between strains :  0
Max  pairwise-distance between strains :  99
Mean pairwise-distance between strains :  48.0016
Mean pairwise-distance per site (pi)   :  0.00160417

Notes:
   AA-- and --AA are distinct but the pairwise-distance between them is zero.

════════════════════════════════════════════════════════════════════════════════


                                            ╔══════════════════════════════════╗
                                            ║ Log saved at 2021/12/09 10:34:00 ║
                                            ╚══════════════════════════════════╝

