════════════════════════════════════════════════════════════════════════════════
3SEQ -- Info Mode
════════════════════════════════════════════════════════════════════════════════

COMMAND:
  -i omicron_5.afa

Number of sequences          :  5
Number of distinct sequences :  5
Number of comparisons        :  60

Original sequence length is 29924 nt.
Using 29924 positions, from 1 to 29924 inclusive.

Number of polymorphic sites is 37. Using only polymorphic sites:
    bi: 36 - tri: 1 - tetra: 0

Number of polymorphic sites where there are no gaps :  29/37

Watterson's Theta            :  22.9894
Watterson's Theta (per site) :  0.000768259

Min  pairwise-distance between strains :  4
Max  pairwise-distance between strains :  25
Mean pairwise-distance between strains :  14.3
Mean pairwise-distance per site (pi)   :  0.000477877

Notes:
   AA-- and --AA are distinct but the pairwise-distance between them is zero.

════════════════════════════════════════════════════════════════════════════════


                                            ╔══════════════════════════════════╗
                                            ║ Log saved at 2021/12/01 22:57:57 ║
                                            ╚══════════════════════════════════╝

